2021-08-10 13:27:49,403     CRITICAL   cofig_server_log.py     Критическая ошибка
2021-08-10 13:27:49,403     ERROR      cofig_server_log.py     Ошибка
2021-08-10 13:27:49,403     DEBUG      cofig_server_log.py     Отладочная информация
2021-08-10 13:27:49,403     INFO       cofig_server_log.py     Информационное сообщение
2021-08-10 13:29:28,066     CRITICAL   cofig_server_log.py     Критическая ошибка
2021-08-10 13:29:28,066     ERROR      cofig_server_log.py     Ошибка
2021-08-10 13:29:28,066     DEBUG      cofig_server_log.py     Отладочная информация
2021-08-10 13:29:28,066     INFO       cofig_server_log.py     Информационное сообщение
2021-08-10 13:29:52,811     INFO       server.py               Подключен клиент Guest
2021-08-10 13:32:03,116     INFO       server.py               Подключен клиент Guest
2021-08-10 14:42:28,000     INFO       server.py               Подключен клиент Guest ver02
2021-08-10 14:46:16,411     INFO       server.py               Подключен клиент Guest ver02
2021-08-10 14:47:47,895     INFO       server.py               Подключен клиент Guest ver02
2021-08-10 14:52:22,345     INFO       server.py               Подключен клиент Guest ver02
2021-08-10 14:52:39,850     INFO       server.py               Подключен клиент Guest ver02
2021-08-10 15:07:20,052     INFO       server.py               Подключен клиент Guest ver02
2021-08-10 15:07:55,605     INFO       server.py               Подключен клиент Guest ver02
2021-08-10 15:09:20,636     INFO       server.py               Подключен клиент Guest ver02
2021-08-10 15:10:03,306     INFO       server.py               Подключен клиент Guest ver02
2021-08-10 15:13:33,217     INFO       server.py               Подключен клиент Guest ver02
2021-08-10 15:14:25,678     INFO       server.py               Подключен клиент Guest ver02
2021-08-10 15:23:11,680     INFO       server.py               Подключен клиент Guest ver02
2021-08-10 15:27:13,537     INFO       server.py               Подключен клиент Guest ver02
2021-08-10 15:27:51,167     INFO       server.py               Подключен клиент Guest ver02
2021-08-10 15:35:44,869     INFO       server.py               Подключен клиент Guest ver02
2021-08-10 15:37:31,629     INFO       server.py               Подключен клиент Guest ver02
2021-08-10 15:45:30,735     INFO       server.py               Подключен клиент Guest ver02
2021-08-10 15:50:12,405     INFO       server.py               Подключен клиент Guest ver02
2021-08-10 19:31:45,525     INFO       server.py               Подключен клиент Guest
2021-08-10 20:28:50,329     INFO       server.py               Подключен клиент Guest
2021-08-10 20:30:02,867     INFO       server.py               Подключен клиент Guest
2021-08-10 20:32:17,163     INFO       server.py               Подключен клиент Guest
2021-08-10 20:34:05,593     INFO       server.py               Подключен клиент Guest
2021-08-10 20:36:33,627     INFO       server.py               Подключен клиент Guest
2021-08-10 20:37:56,717     INFO       server.py               Подключен клиент Guest
2021-08-10 20:37:56,718     ERROR      server.py               error
2021-08-10 20:41:45,623     INFO       server.py               Подключен клиент Guest
2021-08-10 20:41:45,624     ERROR      server.py               error
2021-08-10 20:42:24,895     INFO       server.py               Подключен клиент Guest
2021-08-10 20:43:47,178     INFO       server.py               Подключен клиент Guest
2021-08-10 20:44:02,851     INFO       server.py               Подключен клиент Guest
2021-08-10 20:46:46,676     INFO       server.py               Подключен клиент Guest
2021-08-10 20:51:59,490     INFO       server.py               Подключен клиент Guest
2021-08-10 20:55:28,284     INFO       server.py               Подключен клиент Guest
2021-08-10 20:56:15,735     INFO       server.py               Подключен клиент Guest
2021-08-10 21:01:33,664     INFO       server.py               Подключен клиент Guest
2021-08-10 21:15:15,145     INFO       server.py               Подключен клиент Guest
2021-08-10 21:16:03,471     INFO       server.py               Подключен клиент Guest
2021-08-10 21:16:11,180     INFO       server.py               Подключен клиент Guest
2021-08-10 21:16:36,583     INFO       server.py               Подключен клиент Guest
2021-08-10 21:24:43,843     INFO       server.py               Подключен клиент Guest
2021-08-10 21:26:04,089     INFO       server.py               Подключен клиент Guest
2021-08-10 21:26:25,531     INFO       server.py               Подключен клиент Guest
2021-08-10 21:27:52,008     INFO       server.py               Подключен клиент Guest
2021-08-10 21:28:15,201     INFO       server.py               Подключен клиент Guest
2021-08-10 21:29:37,023     INFO       server.py               Подключен клиент Guest
2021-08-10 21:30:24,899     INFO       server.py               Подключен клиент Guest
2021-08-10 21:30:24,900     ERROR      server.py               error
2021-08-10 21:30:48,309     INFO       server.py               Подключен клиент Guest
2021-08-10 21:31:54,819     INFO       server.py               Подключен клиент Guest
2021-08-10 21:32:47,372     INFO       server.py               Подключен клиент Guest
2021-08-10 21:34:56,187     INFO       server.py               Подключен клиент Guest
2021-08-10 21:35:09,951     INFO       server.py               Подключен клиент Guest
2021-08-10 21:35:09,951     ERROR      server.py               error
2021-08-10 21:39:03,349     INFO       server.py               Подключен клиент Guest
2021-08-11 18:09:38,621     INFO       server.py               Подключен клиент Guest
-----------------------
2021-08-12 12:05:10,013     INFO       server.py               Подключен клиент Guest
2021-08-12 12:07:18,443     INFO       server.py               Подключен клиент Guest
2021-08-12 12:08:19,860     INFO       server.py               Подключен клиент Guest
2021-08-12 12:28:38,815     INFO       server.py               Подключен клиент Guest
2021-08-12 12:34:24,028     INFO       server.py               Подключен клиент Guest
2021-08-12 12:55:20,611     INFO       server.py               Подключен клиент Guest
2021-08-12 12:59:08,883     INFO       server.py               Подключен клиент Guest
2021-08-12 12:59:48,947     INFO       server.py               Подключен клиент Guest
2021-08-12 13:00:25,577     INFO       server.py               Подключен клиент Guest
2021-08-12 13:00:51,837     INFO       server.py               Подключен клиент Guest
2021-08-12 13:03:28,549     INFO       server.py               Подключен клиент Guest
2021-08-12 13:06:26,475     INFO       server.py               Подключен клиент Guest
-----------------------
2021-08-12 13:12:55,670     INFO       server.py               Подключен клиент Guest
2021-08-12 13:14:38,305     INFO       server.py               Подключен клиент Guest
2021-08-12 13:22:01,588     INFO       server.py               Подключен клиент Guest
2021-08-12 13:24:54,615     INFO       server.py               Подключен клиент Guest
2021-08-12 13:26:11,667     INFO       server.py               Подключен клиент Guest
2021-08-12 13:28:43,740     INFO       server.py               Подключен клиент Guest
2021-08-12 14:06:56,534     DEBUG      server.py               Была вызвана функция 'get_port' c параметрами (<setting_hosts.SettingPortAddress object at 0x000000000169CCD0>,), {}. Вызов из модуля setting_hosts. Вызов из функции 'ServerConnect(sys.argv).connect()'.Вызов из функции connect
2021-08-12 14:07:02,305     INFO       server.py               Подключен клиент Guest
2021-08-12 14:14:38,939     DEBUG      server.py               Была вызвана функция 'get_port' c параметрами (<setting_hosts.SettingPortAddress object at 0x00000000016BCCD0>,), {}. Вызов из модуля setting_hosts. Вызов из функции 'ServerConnect(sys.argv).connect()'.Вызов из функции connect
2021-08-12 14:14:41,825     INFO       server.py               Подключен клиент Guest
2021-08-12 20:03:24,894     DEBUG      server.py               Была вызвана функция 'get_port' c параметрами (<setting_hosts.SettingPortAddress object at 0x000000000169CCA0>,), {}. Вызов из модуля setting_hosts. Вызов из функции 'ServerConnect(sys.argv).connect()'.Вызов из функции connect
2021-08-12 20:03:40,042     INFO       server.py               Подключен клиент Guest
2021-08-12 20:04:09,295     INFO       server.py               Подключен клиент Guest
